2025-11-26 10:28:03 [INFO] ========================================
2025-11-26 10:28:03 [INFO]    FULL MAILBOX MIGRATION: GR1 -> GR2   
2025-11-26 10:28:03 [INFO] ========================================
2025-11-26 10:28:03 [INFO] Source (GR1): jiyasaraf355@gmail.com
2025-11-26 10:28:03 [INFO] Target (GR2): jiyasaraff@gmail.com
2025-11-26 10:28:03 [INFO] Loaded existing migration state.
2025-11-26 10:28:03 [INFO] Connecting to GR1...
2025-11-26 10:28:05 [INFO] Connected to GR1.
2025-11-26 10:28:05 [INFO] Connecting to GR2...
2025-11-26 10:28:06 [INFO] Connected to GR2.
2025-11-26 10:28:06 [INFO] Starting migration for folder: INBOX
2025-11-26 10:28:07 [INFO] Folder 'INBOX': total=58, already_migrated=0, to_migrate=58
2025-11-26 10:28:09 [INFO] Saved migration state.
2025-11-26 10:28:12 [INFO] Saved migration state.
2025-11-26 10:28:13 [INFO] Saved migration state.
2025-11-26 10:28:15 [INFO] Saved migration state.
2025-11-26 10:28:16 [INFO] Saved migration state.
2025-11-26 10:28:18 [INFO] Saved migration state.
2025-11-26 10:28:19 [INFO] Saved migration state.
2025-11-26 10:28:20 [INFO] Saved migration state.
2025-11-26 10:28:22 [INFO] Saved migration state.
2025-11-26 10:28:24 [INFO] Saved migration state.
2025-11-26 10:28:26 [INFO] Saved migration state.
2025-11-26 10:28:27 [INFO] Saved migration state.
2025-11-26 10:28:29 [INFO] Saved migration state.
2025-11-26 10:28:30 [INFO] Saved migration state.
2025-11-26 10:28:31 [INFO] Saved migration state.
2025-11-26 10:28:33 [INFO] Saved migration state.
2025-11-26 10:28:34 [INFO] Saved migration state.
2025-11-26 10:28:36 [INFO] Saved migration state.
2025-11-26 10:28:37 [INFO] Saved migration state.
2025-11-26 10:28:39 [INFO] Saved migration state.
2025-11-26 10:28:40 [INFO] Saved migration state.
2025-11-26 10:28:42 [INFO] Saved migration state.
2025-11-26 10:28:44 [INFO] Saved migration state.
2025-11-26 10:28:45 [INFO] Saved migration state.
2025-11-26 10:28:48 [INFO] Saved migration state.
2025-11-26 10:28:49 [INFO] Saved migration state.
2025-11-26 10:28:50 [INFO] Saved migration state.
2025-11-26 10:28:52 [INFO] Saved migration state.
2025-11-26 10:28:53 [INFO] Saved migration state.
2025-11-26 10:28:55 [INFO] Saved migration state.
2025-11-26 10:28:56 [INFO] Saved migration state.
2025-11-26 10:28:58 [INFO] Saved migration state.
2025-11-26 10:29:00 [INFO] Saved migration state.
2025-11-26 10:29:02 [INFO] Saved migration state.
2025-11-26 10:29:03 [INFO] Saved migration state.
2025-11-26 10:29:05 [INFO] Saved migration state.
2025-11-26 10:29:06 [INFO] Saved migration state.
2025-11-26 10:29:07 [INFO] Saved migration state.
2025-11-26 10:29:10 [INFO] Saved migration state.
2025-11-26 10:29:12 [INFO] Saved migration state.
2025-11-26 10:29:13 [INFO] Saved migration state.
2025-11-26 10:29:15 [INFO] Saved migration state.
2025-11-26 10:29:17 [INFO] Saved migration state.
2025-11-26 10:29:19 [INFO] Saved migration state.
2025-11-26 10:29:20 [INFO] Saved migration state.
2025-11-26 10:29:21 [INFO] Saved migration state.
2025-11-26 10:29:23 [INFO] Saved migration state.
2025-11-26 10:29:26 [INFO] Saved migration state.
2025-11-26 10:29:27 [INFO] Saved migration state.
2025-11-26 10:29:28 [INFO] Saved migration state.
2025-11-26 10:29:30 [INFO] Saved migration state.
2025-11-26 10:29:32 [INFO] Saved migration state.
2025-11-26 10:29:33 [INFO] Saved migration state.
2025-11-26 10:29:35 [INFO] Saved migration state.
2025-11-26 10:29:36 [INFO] Saved migration state.
2025-11-26 10:29:37 [INFO] Saved migration state.
2025-11-26 10:29:39 [INFO] Saved migration state.
2025-11-26 10:29:42 [INFO] Saved migration state.
2025-11-26 10:29:42 [INFO] Completed migration for folder: INBOX
2025-11-26 10:29:42 [INFO] Skipping folder (per configuration): [Gmail]
2025-11-26 10:29:42 [INFO] Starting migration for folder: [Gmail]/All Mail
2025-11-26 10:29:42 [INFO] Folder '[Gmail]/All Mail': total=59, already_migrated=0, to_migrate=59
2025-11-26 10:29:44 [INFO] Saved migration state.
2025-11-26 10:29:45 [INFO] Saved migration state.
2025-11-26 10:29:47 [INFO] Saved migration state.
2025-11-26 10:29:48 [INFO] Saved migration state.
2025-11-26 10:29:50 [INFO] Saved migration state.
2025-11-26 10:29:51 [INFO] Saved migration state.
2025-11-26 10:29:53 [INFO] Saved migration state.
2025-11-26 10:29:54 [INFO] Saved migration state.
2025-11-26 10:29:56 [INFO] Saved migration state.
2025-11-26 10:29:57 [INFO] Saved migration state.
2025-11-26 10:29:59 [INFO] Saved migration state.
2025-11-26 10:30:01 [INFO] Saved migration state.
2025-11-26 10:30:03 [INFO] Saved migration state.
2025-11-26 10:30:04 [INFO] Saved migration state.
2025-11-26 10:30:06 [INFO] Saved migration state.
2025-11-26 10:30:07 [INFO] Saved migration state.
2025-11-26 10:30:09 [INFO] Saved migration state.
2025-11-26 10:30:10 [INFO] Saved migration state.
2025-11-26 10:30:12 [INFO] Saved migration state.
2025-11-26 10:30:13 [INFO] Saved migration state.
2025-11-26 10:30:15 [INFO] Saved migration state.
2025-11-26 10:30:16 [INFO] Saved migration state.
2025-11-26 10:30:17 [INFO] Saved migration state.
2025-11-26 10:30:19 [INFO] Saved migration state.
2025-11-26 10:30:21 [INFO] Saved migration state.
2025-11-26 10:30:22 [INFO] Saved migration state.
2025-11-26 10:30:23 [INFO] Saved migration state.
2025-11-26 10:30:25 [INFO] Saved migration state.
2025-11-26 10:30:26 [INFO] Saved migration state.
2025-11-26 10:30:28 [INFO] Saved migration state.
2025-11-26 10:30:30 [INFO] Saved migration state.
2025-11-26 10:30:31 [INFO] Saved migration state.
2025-11-26 10:30:33 [INFO] Saved migration state.
2025-11-26 10:30:34 [INFO] Saved migration state.
2025-11-26 10:30:35 [INFO] Saved migration state.
2025-11-26 10:30:37 [INFO] Saved migration state.
2025-11-26 10:30:39 [INFO] Saved migration state.
2025-11-26 10:30:40 [INFO] Saved migration state.
2025-11-26 10:30:42 [INFO] Saved migration state.
2025-11-26 10:30:44 [INFO] Saved migration state.
2025-11-26 10:30:45 [INFO] Saved migration state.
2025-11-26 10:30:47 [INFO] Saved migration state.
2025-11-26 10:30:48 [INFO] Saved migration state.
2025-11-26 10:30:50 [INFO] Saved migration state.
2025-11-26 10:30:52 [INFO] Saved migration state.
2025-11-26 10:30:53 [INFO] Saved migration state.
2025-11-26 10:30:55 [INFO] Saved migration state.
2025-11-26 10:30:56 [INFO] Saved migration state.
2025-11-26 10:30:57 [INFO] Saved migration state.
2025-11-26 10:30:59 [INFO] Saved migration state.
2025-11-26 10:31:00 [INFO] Saved migration state.
2025-11-26 10:31:02 [INFO] Saved migration state.
2025-11-26 10:31:04 [INFO] Saved migration state.
2025-11-26 10:31:06 [INFO] Saved migration state.
2025-11-26 10:31:07 [INFO] Saved migration state.
2025-11-26 10:31:09 [INFO] Saved migration state.
2025-11-26 10:31:10 [INFO] Saved migration state.
2025-11-26 10:31:12 [INFO] Saved migration state.
2025-11-26 10:31:13 [INFO] Saved migration state.
2025-11-26 10:31:13 [INFO] Completed migration for folder: [Gmail]/All Mail
2025-11-26 10:31:13 [INFO] Starting migration for folder: [Gmail]/Drafts
2025-11-26 10:31:14 [INFO] No emails found in folder: [Gmail]/Drafts
2025-11-26 10:31:14 [INFO] Starting migration for folder: [Gmail]/Important
2025-11-26 10:31:14 [INFO] Folder '[Gmail]/Important': total=9, already_migrated=0, to_migrate=9
2025-11-26 10:31:16 [INFO] Saved migration state.
2025-11-26 10:31:17 [INFO] Saved migration state.
2025-11-26 10:31:19 [INFO] Saved migration state.
2025-11-26 10:31:20 [INFO] Saved migration state.
2025-11-26 10:31:21 [INFO] Saved migration state.
2025-11-26 10:31:22 [INFO] Saved migration state.
2025-11-26 10:31:24 [INFO] Saved migration state.
2025-11-26 10:31:25 [INFO] Saved migration state.
2025-11-26 10:31:26 [INFO] Saved migration state.
2025-11-26 10:31:26 [INFO] Completed migration for folder: [Gmail]/Important
2025-11-26 10:31:26 [INFO] Starting migration for folder: [Gmail]/Sent Mail
2025-11-26 10:31:27 [INFO] No emails found in folder: [Gmail]/Sent Mail
2025-11-26 10:31:27 [INFO] Starting migration for folder: [Gmail]/Spam
2025-11-26 10:31:28 [INFO] No emails found in folder: [Gmail]/Spam
2025-11-26 10:31:28 [INFO] Starting migration for folder: [Gmail]/Starred
2025-11-26 10:31:28 [INFO] No emails found in folder: [Gmail]/Starred
2025-11-26 10:31:28 [INFO] Skipping folder (per configuration): [Gmail]/Trash
2025-11-26 10:31:28 [INFO] All folders processed. Migration attempt complete.
2025-11-26 10:31:29 [INFO] Saved migration state.
2025-11-26 10:31:29 [INFO] State saved and connections closed. Exiting.
2025-11-26 10:44:29 [INFO] ========================================
2025-11-26 10:44:29 [INFO]    FULL MAILBOX MIGRATION: GR1 -> GR2   
2025-11-26 10:44:29 [INFO] ========================================
2025-11-26 10:44:29 [INFO] Source (GR1): jiyasaraf355@gmail.com
2025-11-26 10:44:29 [INFO] Target (GR2): jiyasaraff@gmail.com
2025-11-26 10:44:29 [INFO] Loaded existing migration state.
2025-11-26 10:44:29 [INFO] Connecting to GR1...
2025-11-26 10:44:30 [INFO] Connected to GR1.
2025-11-26 10:44:30 [INFO] Connecting to GR2...
2025-11-26 10:44:31 [INFO] Connected to GR2.
2025-11-26 10:44:32 [INFO] Starting migration for folder: INBOX
2025-11-26 10:44:32 [INFO] All emails already migrated for folder: INBOX
2025-11-26 10:44:32 [INFO] Skipping folder (per configuration): [Gmail]
2025-11-26 10:44:32 [INFO] Starting migration for folder: [Gmail]/All Mail
2025-11-26 10:44:33 [INFO] All emails already migrated for folder: [Gmail]/All Mail
2025-11-26 10:44:33 [INFO] Starting migration for folder: [Gmail]/Drafts
2025-11-26 10:44:34 [INFO] No emails found in folder: [Gmail]/Drafts
2025-11-26 10:44:34 [INFO] Starting migration for folder: [Gmail]/Important
2025-11-26 10:44:34 [INFO] All emails already migrated for folder: [Gmail]/Important
2025-11-26 10:44:34 [INFO] Starting migration for folder: [Gmail]/Sent Mail
2025-11-26 10:44:35 [INFO] No emails found in folder: [Gmail]/Sent Mail
2025-11-26 10:44:35 [INFO] Starting migration for folder: [Gmail]/Spam
2025-11-26 10:44:35 [INFO] No emails found in folder: [Gmail]/Spam
2025-11-26 10:44:35 [INFO] Starting migration for folder: [Gmail]/Starred
2025-11-26 10:44:36 [INFO] No emails found in folder: [Gmail]/Starred
2025-11-26 10:44:36 [INFO] Skipping folder (per configuration): [Gmail]/Trash
2025-11-26 10:44:36 [INFO] All folders processed. Migration attempt complete.
2025-11-26 10:44:37 [INFO] Saved migration state.
2025-11-26 10:44:37 [INFO] State saved and connections closed. Exiting.
2025-11-26 10:51:30 [INFO] ========================================
2025-11-26 10:51:30 [INFO]    FULL MAILBOX MIGRATION: GR1 -> GR2   
2025-11-26 10:51:30 [INFO] ========================================
2025-11-26 10:51:30 [INFO] Source (GR1): jiyasaraf355@gmail.com
2025-11-26 10:51:30 [INFO] Target (GR2): jiyasaraff@gmail.com
2025-11-26 10:51:30 [INFO] Loaded existing migration state.
2025-11-26 10:51:30 [INFO] Connecting to GR1...
2025-11-26 10:51:31 [INFO] Connected to GR1.
2025-11-26 10:51:31 [INFO] Connecting to GR2...
2025-11-26 10:51:32 [INFO] Connected to GR2.
2025-11-26 10:51:33 [INFO] Starting migration for folder: INBOX
2025-11-26 10:51:33 [INFO] Folder 'INBOX': total=59, already_migrated=58, to_migrate=1
2025-11-26 10:51:36 [INFO] Saved migration state.
2025-11-26 10:51:36 [INFO] Completed migration for folder: INBOX
2025-11-26 10:51:36 [INFO] Skipping folder (per configuration): [Gmail]
2025-11-26 10:51:36 [INFO] Starting migration for folder: [Gmail]/All Mail
2025-11-26 10:51:37 [INFO] Folder '[Gmail]/All Mail': total=60, already_migrated=59, to_migrate=1
2025-11-26 10:51:39 [INFO] Saved migration state.
2025-11-26 10:51:39 [INFO] Completed migration for folder: [Gmail]/All Mail
2025-11-26 10:51:39 [INFO] Starting migration for folder: [Gmail]/Drafts
2025-11-26 10:51:40 [INFO] No emails found in folder: [Gmail]/Drafts
2025-11-26 10:51:40 [INFO] Starting migration for folder: [Gmail]/Important
2025-11-26 10:51:40 [INFO] Folder '[Gmail]/Important': total=10, already_migrated=9, to_migrate=1
2025-11-26 10:51:42 [INFO] Saved migration state.
2025-11-26 10:51:42 [INFO] Completed migration for folder: [Gmail]/Important
2025-11-26 10:51:42 [INFO] Starting migration for folder: [Gmail]/Sent Mail
2025-11-26 10:51:43 [INFO] No emails found in folder: [Gmail]/Sent Mail
2025-11-26 10:51:43 [INFO] Starting migration for folder: [Gmail]/Spam
2025-11-26 10:51:44 [INFO] No emails found in folder: [Gmail]/Spam
2025-11-26 10:51:44 [INFO] Starting migration for folder: [Gmail]/Starred
2025-11-26 10:51:44 [INFO] No emails found in folder: [Gmail]/Starred
2025-11-26 10:51:44 [INFO] Skipping folder (per configuration): [Gmail]/Trash
2025-11-26 10:51:44 [INFO] All folders processed. Migration attempt complete.
2025-11-26 10:51:45 [INFO] Saved migration state.
2025-11-26 10:51:45 [INFO] State saved and connections closed. Exiting.
